Analysis & Synthesis report for DUT
Tue Oct 12 16:23:34 2021
Quartus Prime Version 20.1.1 Build 720 11/11/2020 SJ Lite Edition


---------------------
; Table of Contents ;
---------------------
  1. Legal Notice
  2. Analysis & Synthesis Summary
  3. Analysis & Synthesis Settings
  4. Parallel Compilation
  5. Analysis & Synthesis Source Files Read
  6. Analysis & Synthesis Resource Usage Summary
  7. Analysis & Synthesis Resource Utilization by Entity
  8. State Machine - |test|lcd_controller:lcd_instance|state
  9. State Machine - |test|cov_detect:covid_det_instance|y_present
 10. Registers Removed During Synthesis
 11. Removed Registers Triggering Further Register Optimizations
 12. General Register Statistics
 13. Multiplexer Restructuring Statistics (Restructuring Performed)
 14. Analysis & Synthesis Messages



----------------
; Legal Notice ;
----------------
Copyright (C) 2020  Intel Corporation. All rights reserved.
Your use of Intel Corporation's design tools, logic functions 
and other software and tools, and any partner logic 
functions, and any output files from any of the foregoing 
(including device programming or simulation files), and any 
associated documentation or information are expressly subject 
to the terms and conditions of the Intel Program License 
Subscription Agreement, the Intel Quartus Prime License Agreement,
the Intel FPGA IP License Agreement, or other applicable license
agreement, including, without limitation, that your use is for
the sole purpose of programming logic devices manufactured by
Intel and sold by Intel or its authorized distributors.  Please
refer to the applicable agreement for further details, at
https://fpgasoftware.intel.com/eula.



+---------------------------------------------------------------------------+
; Analysis & Synthesis Summary                                              ;
+-----------------------------+---------------------------------------------+
; Analysis & Synthesis Status ; Successful - Tue Oct 12 16:23:34 2021       ;
; Quartus Prime Version       ; 20.1.1 Build 720 11/11/2020 SJ Lite Edition ;
; Revision Name               ; DUT                                         ;
; Top-level Entity Name       ; test                                        ;
; Family                      ; MAX V                                       ;
; Total logic elements        ; 231                                         ;
; Total pins                  ; 22                                          ;
; Total virtual pins          ; 0                                           ;
; UFM blocks                  ; 0 / 1 ( 0 % )                               ;
+-----------------------------+---------------------------------------------+


+------------------------------------------------------------------------------------------------------------+
; Analysis & Synthesis Settings                                                                              ;
+------------------------------------------------------------------+--------------------+--------------------+
; Option                                                           ; Setting            ; Default Value      ;
+------------------------------------------------------------------+--------------------+--------------------+
; Device                                                           ; 5M1270ZT144C5      ;                    ;
; Top-level entity name                                            ; test               ; DUT                ;
; Family name                                                      ; MAX V              ; Cyclone V          ;
; Use smart compilation                                            ; Off                ; Off                ;
; Enable parallel Assembler and Timing Analyzer during compilation ; On                 ; On                 ;
; Enable compact report table                                      ; Off                ; Off                ;
; Restructure Multiplexers                                         ; Auto               ; Auto               ;
; Create Debugging Nodes for IP Cores                              ; Off                ; Off                ;
; Preserve fewer node names                                        ; On                 ; On                 ;
; Intel FPGA IP Evaluation Mode                                    ; Enable             ; Enable             ;
; Verilog Version                                                  ; Verilog_2001       ; Verilog_2001       ;
; VHDL Version                                                     ; VHDL_1993          ; VHDL_1993          ;
; State Machine Processing                                         ; Auto               ; Auto               ;
; Safe State Machine                                               ; Off                ; Off                ;
; Extract Verilog State Machines                                   ; On                 ; On                 ;
; Extract VHDL State Machines                                      ; On                 ; On                 ;
; Ignore Verilog initial constructs                                ; Off                ; Off                ;
; Iteration limit for constant Verilog loops                       ; 5000               ; 5000               ;
; Iteration limit for non-constant Verilog loops                   ; 250                ; 250                ;
; Add Pass-Through Logic to Inferred RAMs                          ; On                 ; On                 ;
; Infer RAMs from Raw Logic                                        ; On                 ; On                 ;
; Parallel Synthesis                                               ; On                 ; On                 ;
; NOT Gate Push-Back                                               ; On                 ; On                 ;
; Power-Up Don't Care                                              ; On                 ; On                 ;
; Remove Redundant Logic Cells                                     ; Off                ; Off                ;
; Remove Duplicate Registers                                       ; On                 ; On                 ;
; Ignore CARRY Buffers                                             ; Off                ; Off                ;
; Ignore CASCADE Buffers                                           ; Off                ; Off                ;
; Ignore GLOBAL Buffers                                            ; Off                ; Off                ;
; Ignore ROW GLOBAL Buffers                                        ; Off                ; Off                ;
; Ignore LCELL Buffers                                             ; Off                ; Off                ;
; Ignore SOFT Buffers                                              ; On                 ; On                 ;
; Limit AHDL Integers to 32 Bits                                   ; Off                ; Off                ;
; Optimization Technique                                           ; Balanced           ; Balanced           ;
; Carry Chain Length                                               ; 70                 ; 70                 ;
; Auto Carry Chains                                                ; On                 ; On                 ;
; Auto Open-Drain Pins                                             ; On                 ; On                 ;
; Perform WYSIWYG Primitive Resynthesis                            ; Off                ; Off                ;
; Auto Shift Register Replacement                                  ; Auto               ; Auto               ;
; Allow Shift Register Merging across Hierarchies                  ; Auto               ; Auto               ;
; Auto Clock Enable Replacement                                    ; On                 ; On                 ;
; Allow Synchronous Control Signals                                ; On                 ; On                 ;
; Force Use of Synchronous Clear Signals                           ; Off                ; Off                ;
; Auto Resource Sharing                                            ; Off                ; Off                ;
; Use LogicLock Constraints during Resource Balancing              ; On                 ; On                 ;
; Ignore translate_off and synthesis_off directives                ; Off                ; Off                ;
; Report Parameter Settings                                        ; On                 ; On                 ;
; Report Source Assignments                                        ; On                 ; On                 ;
; Report Connectivity Checks                                       ; On                 ; On                 ;
; Ignore Maximum Fan-Out Assignments                               ; Off                ; Off                ;
; Synchronization Register Chain Length                            ; 2                  ; 2                  ;
; Power Optimization During Synthesis                              ; Normal compilation ; Normal compilation ;
; HDL message level                                                ; Level2             ; Level2             ;
; Suppress Register Optimization Related Messages                  ; Off                ; Off                ;
; Number of Removed Registers Reported in Synthesis Report         ; 5000               ; 5000               ;
; Number of Swept Nodes Reported in Synthesis Report               ; 5000               ; 5000               ;
; Number of Inverted Registers Reported in Synthesis Report        ; 100                ; 100                ;
; Clock MUX Protection                                             ; On                 ; On                 ;
; Block Design Naming                                              ; Auto               ; Auto               ;
; Synthesis Effort                                                 ; Auto               ; Auto               ;
; Shift Register Replacement - Allow Asynchronous Clear Signal     ; On                 ; On                 ;
; Analysis & Synthesis Message Level                               ; Medium             ; Medium             ;
; Disable Register Merging Across Hierarchies                      ; Auto               ; Auto               ;
+------------------------------------------------------------------+--------------------+--------------------+


+------------------------------------------+
; Parallel Compilation                     ;
+----------------------------+-------------+
; Processors                 ; Number      ;
+----------------------------+-------------+
; Number detected on machine ; 2           ;
; Maximum allowed            ; 2           ;
;                            ;             ;
; Average used               ; 1.00        ;
; Maximum used               ; 1           ;
;                            ;             ;
; Usage by Processor         ; % Time Used ;
;     Processor 1            ; 100.0%      ;
+----------------------------+-------------+


+--------------------------------------------------------------------------------------------------------------------------------------------+
; Analysis & Synthesis Source Files Read                                                                                                     ;
+----------------------------------+-----------------+-----------------+-----------------------------------------------------------+---------+
; File Name with User-Entered Path ; Used in Netlist ; File Type       ; File Name with Absolute Path                              ; Library ;
+----------------------------------+-----------------+-----------------+-----------------------------------------------------------+---------+
; lcd_controller.vhd               ; yes             ; User VHDL File  ; /home/kalp/EE214_Lab/String_recognizer/lcd_controller.vhd ;         ;
; sequence.vhdl                    ; yes             ; User VHDL File  ; /home/kalp/EE214_Lab/String_recognizer/sequence.vhdl      ;         ;
; test.vhd                         ; yes             ; User VHDL File  ; /home/kalp/EE214_Lab/String_recognizer/test.vhd           ;         ;
+----------------------------------+-----------------+-----------------+-----------------------------------------------------------+---------+


+-------------------------------------------------------+
; Analysis & Synthesis Resource Usage Summary           ;
+---------------------------------------------+---------+
; Resource                                    ; Usage   ;
+---------------------------------------------+---------+
; Total logic elements                        ; 231     ;
;     -- Combinational with no register       ; 115     ;
;     -- Register only                        ; 39      ;
;     -- Combinational with a register        ; 77      ;
;                                             ;         ;
; Logic element usage by number of LUT inputs ;         ;
;     -- 4 input functions                    ; 80      ;
;     -- 3 input functions                    ; 27      ;
;     -- 2 input functions                    ; 81      ;
;     -- 1 input functions                    ; 3       ;
;     -- 0 input functions                    ; 1       ;
;                                             ;         ;
; Logic elements by mode                      ;         ;
;     -- normal mode                          ; 169     ;
;     -- arithmetic mode                      ; 62      ;
;     -- qfbk mode                            ; 0       ;
;     -- register cascade mode                ; 0       ;
;     -- synchronous clear/load mode          ; 43      ;
;     -- asynchronous clear/load mode         ; 0       ;
;                                             ;         ;
; Total registers                             ; 116     ;
; Total logic cells in carry chains           ; 64      ;
; I/O pins                                    ; 22      ;
; Maximum fan-out node                        ; lcd_clk ;
; Maximum fan-out                             ; 79      ;
; Total fan-out                               ; 834     ;
; Average fan-out                             ; 3.30    ;
+---------------------------------------------+---------+


+---------------------------------------------------------------------------------------------------------------------------------------------------------------------------------------------------------------------------------------------------------------+
; Analysis & Synthesis Resource Utilization by Entity                                                                                                                                                                                                           ;
+------------------------------------+-------------+--------------+------------+------+--------------+--------------+-------------------+------------------+-----------------+------------+-------------------------------------+----------------+--------------+
; Compilation Hierarchy Node         ; Logic Cells ; LC Registers ; UFM Blocks ; Pins ; Virtual Pins ; LUT-Only LCs ; Register-Only LCs ; LUT/Register LCs ; Carry Chain LCs ; Packed LCs ; Full Hierarchy Name                 ; Entity Name    ; Library Name ;
+------------------------------------+-------------+--------------+------------+------+--------------+--------------+-------------------+------------------+-----------------+------------+-------------------------------------+----------------+--------------+
; |test                              ; 231 (162)   ; 116          ; 0          ; 22   ; 0            ; 115 (86)     ; 39 (26)           ; 77 (50)          ; 64 (64)         ; 0 (0)      ; |test                               ; test           ; work         ;
;    |cov_detect:covid_det_instance| ; 14 (14)     ; 5            ; 0          ; 0    ; 0            ; 9 (9)        ; 0 (0)             ; 5 (5)            ; 0 (0)           ; 0 (0)      ; |test|cov_detect:covid_det_instance ; cov_detect     ; work         ;
;    |lcd_controller:lcd_instance|   ; 55 (55)     ; 35           ; 0          ; 0    ; 0            ; 20 (20)      ; 13 (13)           ; 22 (22)          ; 0 (0)           ; 0 (0)      ; |test|lcd_controller:lcd_instance   ; lcd_controller ; work         ;
+------------------------------------+-------------+--------------+------------+------+--------------+--------------+-------------------+------------------+-----------------+------------+-------------------------------------+----------------+--------------+
Note: For table entries with two numbers listed, the numbers in parentheses indicate the number of resources of the given type used by the specific entity alone. The numbers listed outside of parentheses indicate the total resources of the given type used by the specific entity and all of its sub-entities in the hierarchy.


Encoding Type:  One-Hot
+-------------------------------------------------------------------------------------------------------------------------------------------------+
; State Machine - |test|lcd_controller:lcd_instance|state                                                                                         ;
+-----------+-----------+-----------+----------+----------+----------+----------+----------+----------+----------+----------+----------+----------+
; Name      ; state.S11 ; state.S10 ; state.S9 ; state.S8 ; state.S7 ; state.S6 ; state.S5 ; state.S4 ; state.S3 ; state.S2 ; state.S1 ; state.S0 ;
+-----------+-----------+-----------+----------+----------+----------+----------+----------+----------+----------+----------+----------+----------+
; state.S0  ; 0         ; 0         ; 0        ; 0        ; 0        ; 0        ; 0        ; 0        ; 0        ; 0        ; 0        ; 0        ;
; state.S1  ; 0         ; 0         ; 0        ; 0        ; 0        ; 0        ; 0        ; 0        ; 0        ; 0        ; 1        ; 1        ;
; state.S2  ; 0         ; 0         ; 0        ; 0        ; 0        ; 0        ; 0        ; 0        ; 0        ; 1        ; 0        ; 1        ;
; state.S3  ; 0         ; 0         ; 0        ; 0        ; 0        ; 0        ; 0        ; 0        ; 1        ; 0        ; 0        ; 1        ;
; state.S4  ; 0         ; 0         ; 0        ; 0        ; 0        ; 0        ; 0        ; 1        ; 0        ; 0        ; 0        ; 1        ;
; state.S5  ; 0         ; 0         ; 0        ; 0        ; 0        ; 0        ; 1        ; 0        ; 0        ; 0        ; 0        ; 1        ;
; state.S6  ; 0         ; 0         ; 0        ; 0        ; 0        ; 1        ; 0        ; 0        ; 0        ; 0        ; 0        ; 1        ;
; state.S7  ; 0         ; 0         ; 0        ; 0        ; 1        ; 0        ; 0        ; 0        ; 0        ; 0        ; 0        ; 1        ;
; state.S8  ; 0         ; 0         ; 0        ; 1        ; 0        ; 0        ; 0        ; 0        ; 0        ; 0        ; 0        ; 1        ;
; state.S9  ; 0         ; 0         ; 1        ; 0        ; 0        ; 0        ; 0        ; 0        ; 0        ; 0        ; 0        ; 1        ;
; state.S10 ; 0         ; 1         ; 0        ; 0        ; 0        ; 0        ; 0        ; 0        ; 0        ; 0        ; 0        ; 1        ;
; state.S11 ; 1         ; 0         ; 0        ; 0        ; 0        ; 0        ; 0        ; 0        ; 0        ; 0        ; 0        ; 1        ;
+-----------+-----------+-----------+----------+----------+----------+----------+----------+----------+----------+----------+----------+----------+


Encoding Type:  One-Hot
+---------------------------------------------------------------------------------------------+
; State Machine - |test|cov_detect:covid_det_instance|y_present                               ;
+----------------+--------------+--------------+--------------+--------------+----------------+
; Name           ; y_present.s4 ; y_present.s3 ; y_present.s2 ; y_present.s1 ; y_present.init ;
+----------------+--------------+--------------+--------------+--------------+----------------+
; y_present.init ; 0            ; 0            ; 0            ; 0            ; 0              ;
; y_present.s1   ; 0            ; 0            ; 0            ; 1            ; 1              ;
; y_present.s2   ; 0            ; 0            ; 1            ; 0            ; 1              ;
; y_present.s3   ; 0            ; 1            ; 0            ; 0            ; 1              ;
; y_present.s4   ; 1            ; 0            ; 0            ; 0            ; 1              ;
+----------------+--------------+--------------+--------------+--------------+----------------+


+----------------------------------------------------------------------------------------+
; Registers Removed During Synthesis                                                     ;
+-----------------------------------------------+----------------------------------------+
; Register name                                 ; Reason for Removal                     ;
+-----------------------------------------------+----------------------------------------+
; erase                                         ; Stuck at GND due to stuck port data_in ;
; lcd_controller:lcd_instance|cmd_position[4,5] ; Stuck at GND due to stuck port data_in ;
; lcd_controller:lcd_instance|cmd_position[7]   ; Stuck at VCC due to stuck port data_in ;
; write_row[0]                                  ; Merged with write_data[7]              ;
; write_data[7]                                 ; Stuck at GND due to stuck port data_in ;
; lcd_controller:lcd_instance|cmd_position[6]   ; Stuck at GND due to stuck port data_in ;
; lcd_controller:lcd_instance|data_dis[7]       ; Stuck at GND due to stuck port data_in ;
; lcd_controller:lcd_instance|lcd_rw            ; Stuck at GND due to stuck port data_in ;
; put_char                                      ; Stuck at VCC due to stuck port data_in ;
; lcd_controller:lcd_instance|state.S10         ; Lost fanout                            ;
; lcd_controller:lcd_instance|state.S11         ; Lost fanout                            ;
; Total Number of Removed Registers = 12        ;                                        ;
+-----------------------------------------------+----------------------------------------+


+-------------------------------------------------------------------------------------------------------------------------+
; Removed Registers Triggering Further Register Optimizations                                                             ;
+---------------+---------------------------+-----------------------------------------------------------------------------+
; Register name ; Reason for Removal        ; Registers Removed due to This Register                                      ;
+---------------+---------------------------+-----------------------------------------------------------------------------+
; erase         ; Stuck at GND              ; lcd_controller:lcd_instance|data_dis[7], lcd_controller:lcd_instance|lcd_rw ;
;               ; due to stuck port data_in ;                                                                             ;
; write_data[7] ; Stuck at GND              ; lcd_controller:lcd_instance|cmd_position[6]                                 ;
;               ; due to stuck port data_in ;                                                                             ;
+---------------+---------------------------+-----------------------------------------------------------------------------+


+------------------------------------------------------+
; General Register Statistics                          ;
+----------------------------------------------+-------+
; Statistic                                    ; Value ;
+----------------------------------------------+-------+
; Total registers                              ; 116   ;
; Number of registers using Synchronous Clear  ; 40    ;
; Number of registers using Synchronous Load   ; 3     ;
; Number of registers using Asynchronous Clear ; 0     ;
; Number of registers using Asynchronous Load  ; 0     ;
; Number of registers using Clock Enable       ; 56    ;
; Number of registers using Preset             ; 0     ;
+----------------------------------------------+-------+


+--------------------------------------------------------------------------------------------------------------------------------------------------------------+
; Multiplexer Restructuring Statistics (Restructuring Performed)                                                                                               ;
+--------------------+-----------+---------------+----------------------+------------------------+------------+------------------------------------------------+
; Multiplexer Inputs ; Bus Width ; Baseline Area ; Area if Restructured ; Saving if Restructured ; Registered ; Example Multiplexer Output                     ;
+--------------------+-----------+---------------+----------------------+------------------------+------------+------------------------------------------------+
; 3:1                ; 2 bits    ; 4 LEs         ; 2 LEs                ; 2 LEs                  ; Yes        ; |test|lcd_controller:lcd_instance|count_cmd[2] ;
; 3:1                ; 32 bits   ; 64 LEs        ; 32 LEs               ; 32 LEs                 ; Yes        ; |test|i[19]                                    ;
; 7:1                ; 6 bits    ; 24 LEs        ; 24 LEs               ; 0 LEs                  ; Yes        ; |test|write_data[5]                            ;
; 8:1                ; 2 bits    ; 10 LEs        ; 4 LEs                ; 6 LEs                  ; Yes        ; |test|lcd_controller:lcd_instance|lcd[1]       ;
; 9:1                ; 3 bits    ; 18 LEs        ; 6 LEs                ; 12 LEs                 ; Yes        ; |test|lcd_controller:lcd_instance|lcd[5]       ;
+--------------------+-----------+---------------+----------------------+------------------------+------------+------------------------------------------------+


+-------------------------------+
; Analysis & Synthesis Messages ;
+-------------------------------+
Info: *******************************************************************
Info: Running Quartus Prime Analysis & Synthesis
    Info: Version 20.1.1 Build 720 11/11/2020 SJ Lite Edition
    Info: Processing started: Tue Oct 12 16:22:40 2021
Info: Command: quartus_map --read_settings_files=on --write_settings_files=off String_recognizer -c DUT
Warning (18236): Number of processors has not been specified which may cause overloading on shared machines.  Set the global assignment NUM_PARALLEL_PROCESSORS in your QSF to an appropriate value for best performance.
Info (20030): Parallel compilation is enabled and will use 2 of the 2 processors detected
Info (12021): Found 2 design units, including 1 entities, in source file lcd_controller.vhd
    Info (12022): Found design unit 1: lcd_controller-Behavioral File: /home/kalp/EE214_Lab/String_recognizer/lcd_controller.vhd Line: 24
    Info (12023): Found entity 1: lcd_controller File: /home/kalp/EE214_Lab/String_recognizer/lcd_controller.vhd Line: 6
Info (12021): Found 2 design units, including 1 entities, in source file v_jtag/synthesis/v_jtag.vhd
    Info (12022): Found design unit 1: v_jtag-rtl File: /home/kalp/EE214_Lab/String_recognizer/v_jtag/synthesis/v_jtag.vhd Line: 44
    Info (12023): Found entity 1: v_jtag File: /home/kalp/EE214_Lab/String_recognizer/v_jtag/synthesis/v_jtag.vhd Line: 9
Info (12021): Found 2 design units, including 1 entities, in source file TopLevel.vhdl
    Info (12022): Found design unit 1: TopLevel-Struct File: /home/kalp/EE214_Lab/String_recognizer/TopLevel.vhdl Line: 13
    Info (12023): Found entity 1: TopLevel File: /home/kalp/EE214_Lab/String_recognizer/TopLevel.vhdl Line: 5
Info (12021): Found 2 design units, including 1 entities, in source file sequence.vhdl
    Info (12022): Found design unit 1: cov_detect-rch File: /home/kalp/EE214_Lab/String_recognizer/sequence.vhdl Line: 12
    Info (12023): Found entity 1: cov_detect File: /home/kalp/EE214_Lab/String_recognizer/sequence.vhdl Line: 5
Info (12021): Found 2 design units, including 1 entities, in source file Testbench.vhdl
    Info (12022): Found design unit 1: Testbench-Behave File: /home/kalp/EE214_Lab/String_recognizer/Testbench.vhdl Line: 9
    Info (12023): Found entity 1: Testbench File: /home/kalp/EE214_Lab/String_recognizer/Testbench.vhdl Line: 7
Info (12021): Found 2 design units, including 1 entities, in source file DUT.vhdl
    Info (12022): Found design unit 1: DUT-DutWrap File: /home/kalp/EE214_Lab/String_recognizer/DUT.vhdl Line: 10
    Info (12023): Found entity 1: DUT File: /home/kalp/EE214_Lab/String_recognizer/DUT.vhdl Line: 5
Info (12021): Found 2 design units, including 1 entities, in source file test.vhd
    Info (12022): Found design unit 1: test-behave File: /home/kalp/EE214_Lab/String_recognizer/test.vhd Line: 22
    Info (12023): Found entity 1: test File: /home/kalp/EE214_Lab/String_recognizer/test.vhd Line: 7
Info (12127): Elaborating entity "test" for the top level hierarchy
Info (12128): Elaborating entity "cov_detect" for hierarchy "cov_detect:covid_det_instance" File: /home/kalp/EE214_Lab/String_recognizer/test.vhd Line: 82
Warning (10492): VHDL Process Statement warning at sequence.vhdl(39): signal "out_s" is read inside the Process Statement but isn't in the Process Statement's sensitivity list File: /home/kalp/EE214_Lab/String_recognizer/sequence.vhdl Line: 39
Info (12128): Elaborating entity "lcd_controller" for hierarchy "lcd_controller:lcd_instance" File: /home/kalp/EE214_Lab/String_recognizer/test.vhd Line: 90
Warning (10036): Verilog HDL or VHDL warning at lcd_controller.vhd(32): object "count_next_data" assigned a value but never read File: /home/kalp/EE214_Lab/String_recognizer/lcd_controller.vhd Line: 32
Warning (10036): Verilog HDL or VHDL warning at lcd_controller.vhd(33): object "count_next_data1" assigned a value but never read File: /home/kalp/EE214_Lab/String_recognizer/lcd_controller.vhd Line: 33
Warning (10036): Verilog HDL or VHDL warning at lcd_controller.vhd(34): object "cmd_line_next" assigned a value but never read File: /home/kalp/EE214_Lab/String_recognizer/lcd_controller.vhd Line: 34
Warning (13024): Output pins are stuck at VCC or GND
    Warning (13410): Pin "lcd_rw" is stuck at GND File: /home/kalp/EE214_Lab/String_recognizer/test.vhd Line: 12
    Warning (13410): Pin "b11" is stuck at VCC File: /home/kalp/EE214_Lab/String_recognizer/test.vhd Line: 16
    Warning (13410): Pin "b12" is stuck at GND File: /home/kalp/EE214_Lab/String_recognizer/test.vhd Line: 17
Info (17049): 2 registers lost all their fanouts during netlist optimizations.
Info (21057): Implemented 253 device resources after synthesis - the final resource count might be different
    Info (21058): Implemented 8 input pins
    Info (21059): Implemented 14 output pins
    Info (21061): Implemented 231 logic cells
Warning (20013): Ignored 15 assignments for entity "sld_virtual_jtag" -- entity does not exist in design
Warning (20013): Ignored 16 assignments for entity "v_jtag" -- entity does not exist in design
Info: Quartus Prime Analysis & Synthesis was successful. 0 errors, 11 warnings
    Info: Peak virtual memory: 433 megabytes
    Info: Processing ended: Tue Oct 12 16:23:34 2021
    Info: Elapsed time: 00:00:54
    Info: Total CPU time (on all processors): 00:00:47


